 1:36:27.60  Test starded without threads
23:36:28.155 Python Module Path 'ScriptKit' added.
23:36:28.155 Python Module Path 'Scripts/Gateway/PythonModules' added.
23:36:28.155 Python Module Path 'Scripts/Gateway/SystemAreas/DataQueries/QOCUR/PythonModules' added.
23:36:28.155 Python Module Path 'ScriptKit/TroubleMaker' added.
23:36:28.639 2020-02-18 Root suite 'Scripts/Gateway/SystemAreas/DataQueries/QOCUR' full execution.
23:36:28.670 Suite '.'. [0 test cases, 2 sub-suites]
Traceback (most recent call last):
  File "C:\xpit.com\applications\ScriptFramework\ScriptKit\Core\Invoker.py", line 33, in invoke_script
    exec(code, globals())
  File "Scripts/Gateway/SystemAreas/DataQueries/QOCUR\test_suite_su.py", line 11, in <module>
    from SuiteOrderHelper import *
  File "C:\xpit.com\applications\ScriptFramework\Scripts\Gateway\SystemAreas\DataQueries\QOCUR\PythonModules\SuiteOrderHelper.py", line 11, in <module>
    defaultOrder = CreateOrder('F.SF.SFEP.Z99', OrderSide.Buy, 6, OrderType.Limit, limitPrice=100)
  File "C:\xpit.com\applications\ScriptFramework\Scripts\Gateway\PythonModules\OrderActionUtils.py", line 620, in CreateOrder
    if minVisibleSize is not None:
NameError: name 'minVisibleSize' is not defined

23:36:30.217 Suite '.' setup failed, child test cases and sub-suites will be skipped.
Traceback (most recent call last):
  File "C:\xpit.com\applications\ScriptFramework\ScriptKit\Core\Invoker.py", line 33, in invoke_script
    exec(code, globals())
  File "Scripts/Gateway/SystemAreas/DataQueries/QOCUR\test_suite_td.py", line 5, in <module>
    exchange.Stop()
NameError: name 'exchange' is not defined

23:36:30.233 Suite '.' teardown failed.
23:36:30.264 Root suite 'Scripts/Gateway/SystemAreas/DataQueries/QOCUR' execution finished. It took 0:00:01.593798.
23:36:30.264 Test cases results: 30 total, 0 succeeded, 0 failed, 30 skipped.
