 2:31:45.65  Test starded without threads
00:31:46.220 Python Module Path 'Scripts/Gateway/PythonModules' added.
00:31:46.220 Python Module Path 'ScriptKit' added.
00:31:46.220 Python Module Path 'Scripts/Gateway/SystemAreas/OrderProcessing/PythonModules' added.
00:31:46.220 Python Module Path 'Scripts/Gateway/SystemAreas/TradingInterfaces/FixInterface/Suites/PythonModules' added.
00:31:46.220 Python Module Path 'Scripts/Gateway/SystemAreas/OrderProcessing/OrderRouting/Suites/ExecutionSourceCode/PythonModules' not found. Ignored.
00:31:46.970 2020-02-19 Root suite 'Scripts/Gateway/SystemAreas/OrderProcessing/OrderRouting/Suites/ExecutionSourceCode' full execution.
00:31:46.986 Suite '.'. [8 test cases, 0 sub-suites]
Traceback (most recent call last):
  File "C:\xpit.com\applications\ScriptFramework\ScriptKit\Core\Invoker.py", line 33, in invoke_script
    exec(code, globals())
  File "Scripts/Gateway/SystemAreas/OrderProcessing/OrderRouting/Suites/ExecutionSourceCode\test_suite_su.py", line 69, in <module>
    generator.Open()
  File "C:\xpit.com\applications\ScriptFramework\ScriptKit\IHEGenerator.py", line 44, in Open
    self.__generator.Open(self.__name)
  File "C:\xpit.com\applications\ScriptFramework\ScriptKit\ModuleAgent.py", line 8898, in Open
    return _ModuleAgent.IIHEGenerator_Open(self, name)
RuntimeError: Failed to resolve interface  (from Interface): interface not found.
Available interfaces:
name=\DEVICE\TCPIP_{CFF7A875-51FB-48C1-9B78-ABA35ACC4BDF}, ip=172.26.65.55, network=172.26.65.0, up=1
name=\DEVICE\TCPIP_{1F777394-0B42-11E3-80AD-806E6F6E6963}, ip=127.0.0.1, network=127.0.0.0, up=1


00:32:07.392 Suite '.' setup failed, child test cases and sub-suites will be skipped.
Traceback (most recent call last):
  File "C:\xpit.com\applications\ScriptFramework\ScriptKit\Core\Invoker.py", line 33, in invoke_script
    exec(code, globals())
  File "Scripts/Gateway/SystemAreas/OrderProcessing/OrderRouting/Suites/ExecutionSourceCode\test_suite_td.py", line 14, in <module>
    mockDataFeed.Disconnect()
NameError: name 'mockDataFeed' is not defined

00:32:07.564 Suite '.' teardown failed.
00:32:07.580 Root suite 'Scripts/Gateway/SystemAreas/OrderProcessing/OrderRouting/Suites/ExecutionSourceCode' execution finished. It took 0:00:20.594357.
00:32:07.580 Test cases results: 8 total, 0 succeeded, 0 failed, 8 skipped.
