 1:42:12.74  Test starded without threads
23:42:13.261 Python Module Path 'Scripts/Gateway/SystemAreas/OrderProcessing/OrderRouting/Suites/OrderOperabilityUponRelease/PythonModules' added.
23:42:13.261 Python Module Path 'Scripts/Gateway/PythonModules' added.
23:42:13.277 Python Module Path 'ScriptKit/TroubleMaker' added.
23:42:13.277 Python Module Path 'ScriptKit' added.
23:42:13.636 2020-02-18 Root suite 'Scripts/Gateway/SystemAreas/OrderProcessing/OrderRouting/Suites/OrderOperabilityUponRelease' full execution.
23:42:13.652 Suite '.'. [10 test cases, 0 sub-suites]
23:42:25.480 Case 'ActivateActiveAtOrder' execution.
Traceback (most recent call last):
  File "C:\xpit.com\applications\ScriptFramework\ScriptKit\Core\Invoker.py", line 29, in invoke_script
    exec(code, isolated_dict)
  File "Scripts/Gateway/SystemAreas/OrderProcessing/OrderRouting/Suites/OrderOperabilityUponRelease\ActivateActiveAtOrder_tc.py", line 16, in <module>
    contract2, OrderSide.Sell, 5, limit_order, limitPrice=100, duration=gtd, goodThru=goodThru, manualOrder=True)
  File "C:\xpit.com\applications\ScriptFramework\Scripts\Gateway\PythonModules\OrderActionUtils.py", line 620, in CreateOrder
    if minVisibleSize is not None:
NameError: name 'minVisibleSize' is not defined

23:42:26.841 Case 'ActivateActiveAtOrder' failed.
23:42:26.871 Case 'ActivateParkedOrder' execution.
Traceback (most recent call last):
  File "C:\xpit.com\applications\ScriptFramework\ScriptKit\Core\Invoker.py", line 29, in invoke_script
    exec(code, isolated_dict)
  File "Scripts/Gateway/SystemAreas/OrderProcessing/OrderRouting/Suites/OrderOperabilityUponRelease\ActivateParkedOrder_tc.py", line 11, in <module>
    order = OAU.CreateOrder(contract, OrderSide.Buy, 5, limit_order, limitPrice=100, duration=gtc, manualOrder=True)
  File "C:\xpit.com\applications\ScriptFramework\Scripts\Gateway\PythonModules\OrderActionUtils.py", line 620, in CreateOrder
    if minVisibleSize is not None:
NameError: name 'minVisibleSize' is not defined

23:42:26.887 Case 'ActivateParkedOrder' failed.
23:42:26.934 Case 'CancelParkedOrder' execution.
Traceback (most recent call last):
  File "C:\xpit.com\applications\ScriptFramework\ScriptKit\Core\Invoker.py", line 29, in invoke_script
    exec(code, isolated_dict)
  File "Scripts/Gateway/SystemAreas/OrderProcessing/OrderRouting/Suites/OrderOperabilityUponRelease\CancelParkedOrder_tc.py", line 10, in <module>
    order = OAU.CreateOrder(contract, OrderSide.Sell, 5, stop_order, stopPrice=100, duration=gtc, manualOrder=True)
  File "C:\xpit.com\applications\ScriptFramework\Scripts\Gateway\PythonModules\OrderActionUtils.py", line 620, in CreateOrder
    if minVisibleSize is not None:
NameError: name 'minVisibleSize' is not defined

23:42:26.934 Case 'CancelParkedOrder' failed.
23:42:26.965 Case 'CancelWorkingOrder' execution.
Traceback (most recent call last):
  File "C:\xpit.com\applications\ScriptFramework\ScriptKit\Core\Invoker.py", line 29, in invoke_script
    exec(code, isolated_dict)
  File "Scripts/Gateway/SystemAreas/OrderProcessing/OrderRouting/Suites/OrderOperabilityUponRelease\CancelWorkingOrder_tc.py", line 11, in <module>
    contract, OrderSide.Buy, 5, stop_order, stopPrice=100, duration=gtd, goodThru=goodThru, manualOrder=True)
  File "C:\xpit.com\applications\ScriptFramework\Scripts\Gateway\PythonModules\OrderActionUtils.py", line 620, in CreateOrder
    if minVisibleSize is not None:
NameError: name 'minVisibleSize' is not defined

23:42:26.965 Case 'CancelWorkingOrder' failed.
23:42:27.012 Case 'FullFillWorkingOrder' execution.
Traceback (most recent call last):
  File "C:\xpit.com\applications\ScriptFramework\ScriptKit\Core\Invoker.py", line 29, in invoke_script
    exec(code, isolated_dict)
  File "Scripts/Gateway/SystemAreas/OrderProcessing/OrderRouting/Suites/OrderOperabilityUponRelease\FullFillWorkingOrder_tc.py", line 11, in <module>
    order = OAU.CreateOrder(contract, OrderSide.Buy, 5, limit_order, limitPrice=100, duration=gtc, manualOrder=True)
  File "C:\xpit.com\applications\ScriptFramework\Scripts\Gateway\PythonModules\OrderActionUtils.py", line 620, in CreateOrder
    if minVisibleSize is not None:
NameError: name 'minVisibleSize' is not defined

23:42:27.027 Case 'FullFillWorkingOrder' failed.
23:42:27.058 Case 'ModifyParkActiveAtOrder' execution.
Traceback (most recent call last):
  File "C:\xpit.com\applications\ScriptFramework\ScriptKit\Core\Invoker.py", line 29, in invoke_script
    exec(code, isolated_dict)
  File "Scripts/Gateway/SystemAreas/OrderProcessing/OrderRouting/Suites/OrderOperabilityUponRelease\ModifyParkActiveAtOrder_tc.py", line 13, in <module>
    contract2, OrderSide.Buy, 6, limit_order, limitPrice=100, duration=gtd, goodThru=goodThru, manualOrder=True)
  File "C:\xpit.com\applications\ScriptFramework\Scripts\Gateway\PythonModules\OrderActionUtils.py", line 620, in CreateOrder
    if minVisibleSize is not None:
NameError: name 'minVisibleSize' is not defined

23:42:27.058 Case 'ModifyParkActiveAtOrder' failed.
23:42:27.105 Case 'ModifyParkedOrder' execution.
Traceback (most recent call last):
  File "C:\xpit.com\applications\ScriptFramework\ScriptKit\Core\Invoker.py", line 29, in invoke_script
    exec(code, isolated_dict)
  File "Scripts/Gateway/SystemAreas/OrderProcessing/OrderRouting/Suites/OrderOperabilityUponRelease\ModifyParkedOrder_tc.py", line 11, in <module>
    order = OAU.CreateOrder(contract, OrderSide.Buy, 7, limit_order, limitPrice=100, duration=gtc, manualOrder=True)
  File "C:\xpit.com\applications\ScriptFramework\Scripts\Gateway\PythonModules\OrderActionUtils.py", line 620, in CreateOrder
    if minVisibleSize is not None:
NameError: name 'minVisibleSize' is not defined

23:42:27.105 Case 'ModifyParkedOrder' failed.
23:42:27.169 Case 'ModifyPartFillWorkingOrder' execution.
Traceback (most recent call last):
  File "C:\xpit.com\applications\ScriptFramework\ScriptKit\Core\Invoker.py", line 29, in invoke_script
    exec(code, isolated_dict)
  File "Scripts/Gateway/SystemAreas/OrderProcessing/OrderRouting/Suites/OrderOperabilityUponRelease\ModifyPartFillWorkingOrder_tc.py", line 11, in <module>
    order = OAU.CreateOrder(contract, OrderSide.Sell, 2, stop_order, stopPrice=100, duration=gtc, manualOrder=True)
  File "C:\xpit.com\applications\ScriptFramework\Scripts\Gateway\PythonModules\OrderActionUtils.py", line 620, in CreateOrder
    if minVisibleSize is not None:
NameError: name 'minVisibleSize' is not defined

23:42:27.169 Case 'ModifyPartFillWorkingOrder' failed.
23:42:27.231 Case 'ModifyWorkingOrder' execution.
Traceback (most recent call last):
  File "C:\xpit.com\applications\ScriptFramework\ScriptKit\Core\Invoker.py", line 29, in invoke_script
    exec(code, isolated_dict)
  File "Scripts/Gateway/SystemAreas/OrderProcessing/OrderRouting/Suites/OrderOperabilityUponRelease\ModifyWorkingOrder_tc.py", line 13, in <module>
    contract, OrderSide.Sell, 10, stop_order, stopPrice=100, duration=gtd, goodThru=goodThru, manualOrder=True)
  File "C:\xpit.com\applications\ScriptFramework\Scripts\Gateway\PythonModules\OrderActionUtils.py", line 620, in CreateOrder
    if minVisibleSize is not None:
NameError: name 'minVisibleSize' is not defined

23:42:27.231 Case 'ModifyWorkingOrder' failed.
23:42:27.308 Case 'ParkWorkingOrder' execution.
Traceback (most recent call last):
  File "C:\xpit.com\applications\ScriptFramework\ScriptKit\Core\Invoker.py", line 29, in invoke_script
    exec(code, isolated_dict)
  File "Scripts/Gateway/SystemAreas/OrderProcessing/OrderRouting/Suites/OrderOperabilityUponRelease\ParkWorkingOrder_tc.py", line 11, in <module>
    order = OAU.CreateOrder(contract, OrderSide.Buy, 5, limit_order, limitPrice=100, duration=gtc, manualOrder=True)
  File "C:\xpit.com\applications\ScriptFramework\Scripts\Gateway\PythonModules\OrderActionUtils.py", line 620, in CreateOrder
    if minVisibleSize is not None:
NameError: name 'minVisibleSize' is not defined

23:42:27.308 Case 'ParkWorkingOrder' failed.
23:42:28.230 Root suite 'Scripts/Gateway/SystemAreas/OrderProcessing/OrderRouting/Suites/OrderOperabilityUponRelease' execution finished. It took 0:00:14.578651.
23:42:28.230 Test cases results: 10 total, 0 succeeded, 10 failed, 0 skipped.
